
Showing logs for build [32mcb-kubecd-environment-pr-1424-6-c7fjz-1[0m stage [32mfrom-build-pack[0m and container [32mstep-credential-initializer-n5v72[0m
{"level":"info","ts":1587716837.0736926,"logger":"fallback-logger","caller":"logging/config.go:69","msg":"Fetch GitHub commit ID from kodata failed: open /var/run/ko/refs/heads/0.8.0-ns-support: no such file or directory"}
{"level":"info","ts":1587716837.0748105,"logger":"fallback-logger","caller":"creds-init/main.go:40","msg":"Credentials initialized."}

Showing logs for build [32mcb-kubecd-environment-pr-1424-6-c7fjz-1[0m stage [32mfrom-build-pack[0m and container [32mstep-working-dir-initializer-mm2vv[0m
{"level":"info","ts":1587716838.006007,"logger":"fallback-logger","caller":"logging/config.go:69","msg":"Fetch GitHub commit ID from kodata failed: open /var/run/ko/HEAD: no such file or directory"}
{"level":"info","ts":1587716838.01538,"logger":"fallback-logger","caller":"bash/main.go:64","msg":"Successfully executed command \"sh -c mkdir -p /workspace/source\"; output "}

Showing logs for build [32mcb-kubecd-environment-pr-1424-6-c7fjz-1[0m stage [32mfrom-build-pack[0m and container [32mstep-place-tools[0m

Showing logs for build [32mcb-kubecd-environment-pr-1424-6-c7fjz-1[0m stage [32mfrom-build-pack[0m and container [32mstep-git-source-cb-kubecd-environment-pr-1424-6-c7fjz-zrjf5[0m
{"level":"info","ts":1587716844.2419064,"logger":"fallback-logger","caller":"logging/config.go:69","msg":"Fetch GitHub commit ID from kodata failed: open /var/run/ko/refs/heads/0.8.0-ns-support: no such file or directory"}
{"level":"info","ts":1587716845.3449485,"logger":"fallback-logger","caller":"git/git.go:103","msg":"Successfully cloned https://github.com/cb-kubecd/environment-pr-1424-6-bdd-frontend-staging.git @ master in path /workspace/source"}

Showing logs for build [32mcb-kubecd-environment-pr-1424-6-c7fjz-1[0m stage [32mfrom-build-pack[0m and container [32mstep-git-merge[0m
Using SHAs from PULL_REFS=master:d3396aa3ca9c5026362a197adfb96d09a3abc82c,1:607b8e07cf8fac38c80faf65b40742d569eb2670
DEBUG: LC_ALL=C JX_LOG_LEVEL=error git fetch origin --unshallow 607b8e07cf8fac38c80faf65b40742d569eb2670: d3396aa3ca9c5026362a197adfb96d09a3abc82c:
DEBUG: ran git fetch --unshallow origin 607b8e07cf8fac38c80faf65b40742d569eb2670: d3396aa3ca9c5026362a197adfb96d09a3abc82c: in 
DEBUG: JX_LOG_LEVEL=error LC_ALL=C git branch
DEBUG: LC_ALL=C JX_LOG_LEVEL=error git checkout master
DEBUG: ran git checkout master in 
DEBUG: JX_LOG_LEVEL=error LC_ALL=C git reset --hard d3396aa3ca9c5026362a197adfb96d09a3abc82c
DEBUG: ran git reset --hard d3396aa3ca9c5026362a197adfb96d09a3abc82c in 
DEBUG: LC_ALL=C JX_LOG_LEVEL=error git clean -fd .
DEBUG: ran clean --force -d . in 
DEBUG: JX_LOG_LEVEL=error LC_ALL=C git merge 607b8e07cf8fac38c80faf65b40742d569eb2670
DEBUG: ran git merge 607b8e07cf8fac38c80faf65b40742d569eb2670 in 
DEBUG: LC_ALL=C JX_LOG_LEVEL=error git log --format=%H%x1f%an%x1f%ae%x1f%cn%x1f%ce%x1f%s%n%b%x1e d3396aa3ca9c5026362a197adfb96d09a3abc82c..HEAD
Merged SHA 607b8e07cf8fac38c80faf65b40742d569eb2670 with commit message 'chore: Promote bdd-nh-1587715793 to version 0.0.1' into base branch master

Showing logs for build [32mcb-kubecd-environment-pr-1424-6-c7fjz-1[0m stage [32mfrom-build-pack[0m and container [32mstep-build-helm-build[0m
WARNING: No $CHART_REPOSITORY defined so using the default value of: http://jenkins-x-chartmuseum:8080
Adding missing Helm repo: storage.googleapis.com https://storage.googleapis.com/chartmuseum.jenkins-x.io
WARNING: No secrets found on "helm/repos" due: reading the secret "helm/repos" from vault: no secret "helm/repos" not found in vault
Read credentials for https://storage.googleapis.com/chartmuseum.jenkins-x.io from vault helm/repos
Successfully added Helm repository storage.googleapis.com.
Adding missing Helm repo: jenkins-x-chartmuseum http://jenkins-x-chartmuseum:8080
WARNING: No secrets found on "helm/repos" due: reading the secret "helm/repos" from vault: no secret "helm/repos" not found in vault
Read credentials for http://jenkins-x-chartmuseum:8080 from vault helm/repos
Successfully added Helm repository jenkins-x-chartmuseum.
WARNING: No $CHART_REPOSITORY defined so using the default value of: http://jenkins-x-chartmuseum:8080
Adding missing Helm repo: chartmuseum.jenkins-x.io http://chartmuseum.jenkins-x.io
WARNING: No secrets found on "helm/repos" due: reading the secret "helm/repos" from vault: no secret "helm/repos" not found in vault
Read credentials for http://chartmuseum.jenkins-x.io from vault helm/repos
Successfully added Helm repository chartmuseum.jenkins-x.io.
